<?xml version="1.0" encoding="UTF-8"?>
<!-- Generated by org.testng.reporters.JUnitXMLReporter -->
<testsuite hostname="DESKTOP-8EQSD1V" ignored="0" name="Default test" tests="8" failures="0" timestamp="06 Oct 2021 15:41:26 GMT" time="91.283" errors="0">
  <testcase name="ValidateHomePageTitleTest" time="0.048" classname="com.qa.Testcases.HomePageTest"/>
  <testcase name="ValidateHomePageLogoTest" time="0.079" classname="com.qa.Testcases.HomePageTest"/>
  <testcase name="ValidateHomePageSignInTest" time="1.854" classname="com.qa.Testcases.HomePageTest"/>
  <testcase name="ValidateHomePageRegisterTest" time="3.177" classname="com.qa.Testcases.HomePageTest"/>
  <testcase name="ValidateHomePageDailyDealsTest" time="1.407" classname="com.qa.Testcases.HomePageTest"/>
  <testcase name="ValidateHomePageContactTest" time="2.266" classname="com.qa.Testcases.HomePageTest"/>
  <testcase name="ValidateHomePageSellTest" time="1.163" classname="com.qa.Testcases.HomePageTest"/>
  <testcase name="ValidateHomePageMayeBayTest" time="9.542" classname="com.qa.Testcases.HomePageTest"/>
</testsuite> <!-- Default test -->
